\BOOKMARK [1][-]{section.1}{Introduction}{}% 1
\BOOKMARK [2][-]{subsection.1.1}{Getting help}{section.1}% 2
\BOOKMARK [2][-]{subsection.1.2}{Helping us}{section.1}% 3
\BOOKMARK [1][-]{section.2}{Suggested workflow}{}% 4
\BOOKMARK [1][-]{section.3}{Importing data}{}% 5
\BOOKMARK [2][-]{subsection.3.1}{Frequency spectrum file format}{section.3}% 6
\BOOKMARK [2][-]{subsection.3.2}{SNP data format}{section.3}% 7
\BOOKMARK [2][-]{subsection.3.3}{SNP data methods}{section.3}% 8
\BOOKMARK [1][-]{section.4}{Manipulating spectra}{}% 9
\BOOKMARK [2][-]{subsection.4.1}{Summary statistics}{section.4}% 10
\BOOKMARK [3][-]{subsubsection.4.1.1}{Single-population statistics}{subsection.4.1}% 11
\BOOKMARK [3][-]{subsubsection.4.1.2}{Multi-population statistics}{subsection.4.1}% 12
\BOOKMARK [2][-]{subsection.4.2}{Folding}{section.4}% 13
\BOOKMARK [2][-]{subsection.4.3}{Masking}{section.4}% 14
\BOOKMARK [2][-]{subsection.4.4}{Marginalizing}{section.4}% 15
\BOOKMARK [2][-]{subsection.4.5}{Projection}{section.4}% 16
\BOOKMARK [2][-]{subsection.4.6}{Sampling}{section.4}% 17
\BOOKMARK [2][-]{subsection.4.7}{Scrambling}{section.4}% 18
\BOOKMARK [1][-]{section.5}{Specifying a model}{}% 19
\BOOKMARK [2][-]{subsection.5.1}{Implementation}{section.5}% 20
\BOOKMARK [2][-]{subsection.5.2}{Units}{section.5}% 21
\BOOKMARK [2][-]{subsection.5.3}{Fixed }{section.5}% 22
\BOOKMARK [2][-]{subsection.5.4}{Ancient sequences}{section.5}% 23
\BOOKMARK [1][-]{section.6}{Simulation and fitting}{}% 24
\BOOKMARK [2][-]{subsection.6.1}{Grid sizes and extrapolation}{section.6}% 25
\BOOKMARK [3][-]{subsubsection.6.1.1}{Grid choice}{subsection.6.1}% 26
\BOOKMARK [2][-]{subsection.6.2}{Likelihoods}{section.6}% 27
\BOOKMARK [2][-]{subsection.6.3}{Fitting}{section.6}% 28
\BOOKMARK [3][-]{subsubsection.6.3.1}{Parameter bounds}{subsection.6.3}% 29
\BOOKMARK [2][-]{subsection.6.4}{Fixing parameters}{section.6}% 30
\BOOKMARK [2][-]{subsection.6.5}{Which optimizer should I use?}{section.6}% 31
\BOOKMARK [1][-]{section.7}{Plotting}{}% 32
\BOOKMARK [2][-]{subsection.7.1}{Essential matplotlib commands}{section.7}% 33
\BOOKMARK [2][-]{subsection.7.2}{1D comparison}{section.7}% 34
\BOOKMARK [2][-]{subsection.7.3}{2D spectra}{section.7}% 35
\BOOKMARK [2][-]{subsection.7.4}{2D comparison}{section.7}% 36
\BOOKMARK [2][-]{subsection.7.5}{3D spectra}{section.7}% 37
\BOOKMARK [2][-]{subsection.7.6}{3D comparison}{section.7}% 38
\BOOKMARK [2][-]{subsection.7.7}{Residuals}{section.7}% 39
\BOOKMARK [1][-]{section.8}{Bootstrapping}{}% 40
\BOOKMARK [2][-]{subsection.8.1}{Interacting with ms}{section.8}% 41
\BOOKMARK [1][-]{section.9}{Uncertainty analysis}{}% 42
\BOOKMARK [1][-]{section.10}{Likelihood ratio test}{}% 43
\BOOKMARK [1][-]{section.11}{Installation}{}% 44
\BOOKMARK [2][-]{subsection.11.1}{Dependencies}{section.11}% 45
\BOOKMARK [2][-]{subsection.11.2}{Binary packages}{section.11}% 46
\BOOKMARK [2][-]{subsection.11.3}{Installing from source}{section.11}% 47
\BOOKMARK [3][-]{subsubsection.11.3.1}{Windows}{subsection.11.3}% 48
\BOOKMARK [1][-]{section.12}{Frequently asked questions}{}% 49
